Build started 2016-02-24 15:03:18.
     1>Project "D:\DirectXTK\Audio\DirectXTKAudio_Desktop_2015_Win8.vcxproj" on node 4 (Build target(s)).
     1>ClCompile:
         C:\Program Files (x86)\Microsoft Visual Studio 14.0\VC\bin\CL.exe /c /I..\Inc /I..\Src /ZI /nologo /W4 /WX- /Od /Oy- /D _WIN32_WINNT=0x0602 /D WIN32 /D _DEBUG /D _LIB /D _CRT_STDIO_ARBITRARY_WIDE_SPECIFIERS /D _UNICODE /D UNICODE /Gm /EHsc /RTC1 /MDd /GS /arch:SSE2 /fp:fast /Zc:wchar_t /Zc:forScope /Zc:inline /Yc"pch.h" /Fp"Bin\Desktop_2015\Win32\Debug\DirectXTKAudioWin8.pch" /Fo"Bin\Desktop_2015\Win32\Debug\\" /Fd"Bin\Desktop_2015\Win32\Debug\DirectXTKAudioWin8.pdb" /Gd /TP /analyze- /errorReport:prompt AudioEngine.cpp
         AudioEngine.cpp
         C:\Program Files (x86)\Microsoft Visual Studio 14.0\VC\bin\CL.exe /c /I..\Inc /I..\Src /ZI /nologo /W4 /WX- /Od /Oy- /D _WIN32_WINNT=0x0602 /D WIN32 /D _DEBUG /D _LIB /D _CRT_STDIO_ARBITRARY_WIDE_SPECIFIERS /D _UNICODE /D UNICODE /Gm /EHsc /RTC1 /MDd /GS /arch:SSE2 /fp:fast /Zc:wchar_t /Zc:forScope /Zc:inline /Yu"pch.h" /Fp"Bin\Desktop_2015\Win32\Debug\DirectXTKAudioWin8.pch" /Fo"Bin\Desktop_2015\Win32\Debug\\" /Fd"Bin\Desktop_2015\Win32\Debug\DirectXTKAudioWin8.pdb" /Gd /TP /analyze- /errorReport:prompt DynamicSoundEffectInstance.cpp SoundCommon.cpp SoundEffect.cpp SoundEffectInstance.cpp WaveBank.cpp WaveBankReader.cpp WAVFileReader.cpp
         WAVFileReader.cpp
         WaveBankReader.cpp
         WaveBank.cpp
         SoundEffectInstance.cpp
         SoundEffect.cpp
         SoundCommon.cpp
         DynamicSoundEffectInstance.cpp
         Generating Code...
       Lib:
         C:\Program Files (x86)\Microsoft Visual Studio 14.0\VC\bin\Lib.exe /OUT:"Bin\Desktop_2015\Win32\Debug\DirectXTKAudioWin8.lib" /NOLOGO Bin\Desktop_2015\Win32\Debug\AudioEngine.obj
         Bin\Desktop_2015\Win32\Debug\DynamicSoundEffectInstance.obj
         Bin\Desktop_2015\Win32\Debug\SoundCommon.obj
         Bin\Desktop_2015\Win32\Debug\SoundEffect.obj
         Bin\Desktop_2015\Win32\Debug\SoundEffectInstance.obj
         Bin\Desktop_2015\Win32\Debug\WaveBank.obj
         Bin\Desktop_2015\Win32\Debug\WaveBankReader.obj
         Bin\Desktop_2015\Win32\Debug\WAVFileReader.obj
         DirectXTKAudio_Desktop_2015_Win8.vcxproj -> D:\DirectXTK\Audio\Bin\Desktop_2015\Win32\Debug\DirectXTKAudioWin8.lib
     1>Done Building Project "D:\DirectXTK\Audio\DirectXTKAudio_Desktop_2015_Win8.vcxproj" (Build target(s)).

Build succeeded.

Time Elapsed 00:01:46.64
